<?xml version="1.0" encoding="UTF-8"?>
<testsuite xmlns:xsi="http://www.w3.org/2001/XMLSchema-instance" xsi:noNamespaceSchemaLocation="https://maven.apache.org/surefire/maven-surefire-plugin/xsd/surefire-test-report.xsd" version="3.0.2" name="com.example.flowwow.FlowerApplicationTests" time="6.458" tests="1" errors="0" skipped="0" failures="0">
  <properties>
[...]
</properties>
  <testcase name="contextLoads" classname="com.example.flowwow.FlowerApplicationTests" time="0.332">
    <system-out><![CDATA[02:13:32.763 [main] INFO org.springframework.test.context.support.AnnotationConfigContextLoaderUtils -- Could not detect default configuration classes for test class [com.example.flowwow.FlowerApplicationTests]: FlowerApplicationTests does not declare any static, non-private, non-final, nested classes annotated with @Configuration.
02:13:32.859 [main] INFO org.springframework.boot.test.context.SpringBootTestContextBootstrapper -- Found @SpringBootConfiguration com.example.flowwow.FlowerApplication for test class com.example.flowwow.FlowerApplicationTests

  .   ____          _            __ _ _
 /\\ / ___'_ __ _ _(_)_ __  __ _ \ \ \ \
( ( )\___ | '_ | '_| | '_ \/ _` | \ \ \ \
 \\/  ___)| |_)| | | | | || (_| |  ) ) ) )
  '  |____| .__|_| |_|_| |_\__, | / / / /
 =========|_|==============|___/=/_/_/_/

 :: Spring Boot ::                (v4.0.2)

2026-02-18T02:13:33.217+03:00  INFO 18636 --- [flower] [           main] c.e.flowwow.FlowerApplicationTests       : Starting FlowerApplicationTests using Java 25.0.2 with PID 18636 (started by Vilet in C:\Users\Vilet\Desktop\flowwow)
2026-02-18T02:13:33.219+03:00  INFO 18636 --- [flower] [           main] c.e.flowwow.FlowerApplicationTests       : No active profile set, falling back to 1 default profile: "default"
2026-02-18T02:13:33.944+03:00  INFO 18636 --- [flower] [           main] .s.d.r.c.RepositoryConfigurationDelegate : Bootstrapping Spring Data JPA repositories in DEFAULT mode.
2026-02-18T02:13:34.018+03:00  INFO 18636 --- [flower] [           main] .s.d.r.c.RepositoryConfigurationDelegate : Finished Spring Data repository scanning in 66 ms. Found 12 JPA repository interfaces.
2026-02-18T02:13:34.604+03:00  INFO 18636 --- [flower] [           main] org.hibernate.orm.jpa                    : HHH008540: Processing PersistenceUnitInfo [name: default]
2026-02-18T02:13:34.655+03:00  INFO 18636 --- [flower] [           main] org.hibernate.orm.core                   : HHH000001: Hibernate ORM core version 7.2.1.Final
2026-02-18T02:13:35.126+03:00  INFO 18636 --- [flower] [           main] o.s.o.j.p.SpringPersistenceUnitInfo      : No LoadTimeWeaver setup: ignoring JPA class transformer
2026-02-18T02:13:35.166+03:00  INFO 18636 --- [flower] [           main] com.zaxxer.hikari.HikariDataSource       : HikariPool-1 - Starting...
2026-02-18T02:13:35.433+03:00  INFO 18636 --- [flower] [           main] com.zaxxer.hikari.pool.HikariPool        : HikariPool-1 - Added connection org.postgresql.jdbc.PgConnection@73fe7483
2026-02-18T02:13:35.434+03:00  INFO 18636 --- [flower] [           main] com.zaxxer.hikari.HikariDataSource       : HikariPool-1 - Start completed.
2026-02-18T02:13:35.466+03:00  WARN 18636 --- [flower] [           main] org.hibernate.orm.deprecation            : HHH90000025: PostgreSQLDialect does not need to be specified explicitly using 'hibernate.dialect' (remove the property setting and it will be selected by default)
2026-02-18T02:13:35.490+03:00  INFO 18636 --- [flower] [           main] org.hibernate.orm.connections.pooling    : HHH10001005: Database info:
	Database JDBC URL [jdbc:postgresql://localhost:5432/flowwow_db]
	Database driver: PostgreSQL JDBC Driver
	Database dialect: PostgreSQLDialect
	Database version: 18.2
	Default catalog/schema: flowwow_db/public
	Autocommit mode: undefined/unknown
	Isolation level: READ_COMMITTED [default READ_COMMITTED]
	JDBC fetch size: none
	Pool: DataSourceConnectionProvider
	Minimum pool size: undefined/unknown
	Maximum pool size: undefined/unknown
2026-02-18T02:13:36.619+03:00  INFO 18636 --- [flower] [           main] org.hibernate.orm.core                   : HHH000489: No JTA platform available (set 'hibernate.transaction.jta.platform' to enable JTA platform integration)
2026-02-18T02:13:36.734+03:00 DEBUG 18636 --- [flower] [           main] org.hibernate.SQL                        : 
    create table blog_posts (
        id bigint generated by default as identity,
        created_at timestamp(6),
        updated_at timestamp(6),
        category varchar(255),
        content TEXT not null,
        excerpt TEXT,
        image_path varchar(255),
        is_active boolean,
        slug varchar(200) not null,
        title varchar(200) not null,
        views_count integer,
        primary key (id)
    )
Hibernate: 
    create table blog_posts (
        id bigint generated by default as identity,
        created_at timestamp(6),
        updated_at timestamp(6),
        category varchar(255),
        content TEXT not null,
        excerpt TEXT,
        image_path varchar(255),
        is_active boolean,
        slug varchar(200) not null,
        title varchar(200) not null,
        views_count integer,
        primary key (id)
    )
2026-02-18T02:13:36.859+03:00 DEBUG 18636 --- [flower] [           main] org.hibernate.SQL                        : 
    create table categories (
        id bigint generated by default as identity,
        created_at timestamp(6),
        updated_at timestamp(6),
        description TEXT,
        image_path varchar(255),
        is_active boolean,
        name varchar(100) not null,
        slug varchar(100) not null,
        sort_order integer,
        primary key (id)
    )
Hibernate: 
    create table categories (
        id bigint generated by default as identity,
        created_at timestamp(6),
        updated_at timestamp(6),
        description TEXT,
        image_path varchar(255),
        is_active boolean,
        name varchar(100) not null,
        slug varchar(100) not null,
        sort_order integer,
        primary key (id)
    )
2026-02-18T02:13:36.865+03:00 DEBUG 18636 --- [flower] [           main] org.hibernate.SQL                        : 
    create table favorites (
        id bigint generated by default as identity,
        created_at timestamp(6),
        updated_at timestamp(6),
        product_id bigint not null,
        user_id bigint not null,
        primary key (id)
    )
Hibernate: 
    create table favorites (
        id bigint generated by default as identity,
        created_at timestamp(6),
        updated_at timestamp(6),
        product_id bigint not null,
        user_id bigint not null,
        primary key (id)
    )
2026-02-18T02:13:36.868+03:00 DEBUG 18636 --- [flower] [           main] org.hibernate.SQL                        : 
    create table order_items (
        id bigint generated by default as identity,
        price numeric(10,2) not null,
        product_name varchar(200) not null,
        quantity integer not null,
        total numeric(10,2) not null,
        order_id bigint not null,
        product_id bigint,
        primary key (id)
    )
Hibernate: 
    create table order_items (
        id bigint generated by default as identity,
        price numeric(10,2) not null,
        product_name varchar(200) not null,
        quantity integer not null,
        total numeric(10,2) not null,
        order_id bigint not null,
        product_id bigint,
        primary key (id)
    )
2026-02-18T02:13:36.881+03:00 DEBUG 18636 --- [flower] [           main] org.hibernate.SQL                        : 
    create table orders (
        id bigint generated by default as identity,
        created_at timestamp(6),
        updated_at timestamp(6),
        comment TEXT,
        customer_email varchar(100) not null,
        customer_name varchar(100) not null,
        customer_phone varchar(20) not null,
        delivery_address TEXT not null,
        delivery_date date not null,
        delivery_time varchar(50) not null,
        order_number varchar(20) not null,
        status varchar(50) not null,
        total_amount numeric(10,2) not null,
        user_id bigint,
        primary key (id)
    )
Hibernate: 
    create table orders (
        id bigint generated by default as identity,
        created_at timestamp(6),
        updated_at timestamp(6),
        comment TEXT,
        customer_email varchar(100) not null,
        customer_name varchar(100) not null,
        customer_phone varchar(20) not null,
        delivery_address TEXT not null,
        delivery_date date not null,
        delivery_time varchar(50) not null,
        order_number varchar(20) not null,
        status varchar(50) not null,
        total_amount numeric(10,2) not null,
        user_id bigint,
        primary key (id)
    )
2026-02-18T02:13:36.887+03:00 DEBUG 18636 --- [flower] [           main] org.hibernate.SQL                        : 
    create table product_images (
        id bigint generated by default as identity,
        created_at timestamp(6),
        updated_at timestamp(6),
        image_path varchar(255) not null,
        is_main boolean,
        sort_order integer,
        product_id bigint not null,
        primary key (id)
    )
Hibernate: 
    create table product_images (
        id bigint generated by default as identity,
        created_at timestamp(6),
        updated_at timestamp(6),
        image_path varchar(255) not null,
        is_main boolean,
        sort_order integer,
        product_id bigint not null,
        primary key (id)
    )
2026-02-18T02:13:36.892+03:00 DEBUG 18636 --- [flower] [           main] org.hibernate.SQL                        : 
    create table products (
        id bigint generated by default as identity,
        created_at timestamp(6),
        updated_at timestamp(6),
        composition TEXT not null,
        description TEXT,
        is_hit boolean,
        is_new boolean,
        name varchar(200) not null,
        old_price numeric(10,2),
        price numeric(10,2) not null,
        quantity_in_stock integer not null,
        rating_average numeric(3,2),
        reviews_count integer,
        slug varchar(200) not null,
        views_count integer,
        category_id bigint,
        primary key (id)
    )
Hibernate: 
    create table products (
        id bigint generated by default as identity,
        created_at timestamp(6),
        updated_at timestamp(6),
        composition TEXT not null,
        description TEXT,
        is_hit boolean,
        is_new boolean,
        name varchar(200) not null,
        old_price numeric(10,2),
        price numeric(10,2) not null,
        quantity_in_stock integer not null,
        rating_average numeric(3,2),
        reviews_count integer,
        slug varchar(200) not null,
        views_count integer,
        category_id bigint,
        primary key (id)
    )
2026-02-18T02:13:36.897+03:00 DEBUG 18636 --- [flower] [           main] org.hibernate.SQL                        : 
    create table reviews (
        id bigint generated by default as identity,
        created_at timestamp(6),
        updated_at timestamp(6),
        author_name varchar(100) not null,
        is_active boolean,
        is_moderated boolean,
        moderated_at timestamp(6),
        rating integer not null,
        text TEXT not null,
        product_id bigint not null,
        user_id bigint,
        primary key (id)
    )
Hibernate: 
    create table reviews (
        id bigint generated by default as identity,
        created_at timestamp(6),
        updated_at timestamp(6),
        author_name varchar(100) not null,
        is_active boolean,
        is_moderated boolean,
        moderated_at timestamp(6),
        rating integer not null,
        text TEXT not null,
        product_id bigint not null,
        user_id bigint,
        primary key (id)
    )
2026-02-18T02:13:36.902+03:00 DEBUG 18636 --- [flower] [           main] org.hibernate.SQL                        : 
    create table roles (
        id integer generated by default as identity,
        description varchar(255),
        name varchar(50) not null,
        primary key (id)
    )
Hibernate: 
    create table roles (
        id integer generated by default as identity,
        description varchar(255),
        name varchar(50) not null,
        primary key (id)
    )
2026-02-18T02:13:36.906+03:00 DEBUG 18636 --- [flower] [           main] org.hibernate.SQL                        : 
    create table team_members (
        id bigint generated by default as identity,
        created_at timestamp(6),
        updated_at timestamp(6),
        description TEXT,
        is_active boolean,
        name varchar(100) not null,
        photo_path varchar(255),
        position varchar(100) not null,
        sort_order integer,
        primary key (id)
    )
Hibernate: 
    create table team_members (
        id bigint generated by default as identity,
        created_at timestamp(6),
        updated_at timestamp(6),
        description TEXT,
        is_active boolean,
        name varchar(100) not null,
        photo_path varchar(255),
        position varchar(100) not null,
        sort_order integer,
        primary key (id)
    )
2026-02-18T02:13:36.910+03:00 DEBUG 18636 --- [flower] [           main] org.hibernate.SQL                        : 
    create table testimonials (
        id bigint generated by default as identity,
        created_at timestamp(6),
        updated_at timestamp(6),
        author_city varchar(100),
        author_name varchar(100) not null,
        author_photo varchar(255),
        is_active boolean,
        rating integer,
        text TEXT not null,
        primary key (id)
    )
Hibernate: 
    create table testimonials (
        id bigint generated by default as identity,
        created_at timestamp(6),
        updated_at timestamp(6),
        author_city varchar(100),
        author_name varchar(100) not null,
        author_photo varchar(255),
        is_active boolean,
        rating integer,
        text TEXT not null,
        primary key (id)
    )
2026-02-18T02:13:36.916+03:00 DEBUG 18636 --- [flower] [           main] org.hibernate.SQL                        : 
    create table users (
        id bigint generated by default as identity,
        created_at timestamp(6),
        updated_at timestamp(6),
        email varchar(100) not null,
        is_active boolean,
        last_login timestamp(6),
        name varchar(100) not null,
        password_hash varchar(255) not null,
        phone varchar(20) not null,
        role_id integer,
        primary key (id)
    )
Hibernate: 
    create table users (
        id bigint generated by default as identity,
        created_at timestamp(6),
        updated_at timestamp(6),
        email varchar(100) not null,
        is_active boolean,
        last_login timestamp(6),
        name varchar(100) not null,
        password_hash varchar(255) not null,
        phone varchar(20) not null,
        role_id integer,
        primary key (id)
    )
2026-02-18T02:13:36.920+03:00 DEBUG 18636 --- [flower] [           main] org.hibernate.SQL                        : 
    alter table if exists blog_posts 
       drop constraint if exists UKfmrqlsu8hgt4xyp3ewt66h287
Hibernate: 
    alter table if exists blog_posts 
       drop constraint if exists UKfmrqlsu8hgt4xyp3ewt66h287
2026-02-18T02:13:36.926+03:00  WARN 18636 --- [flower] [           main] org.hibernate.orm.jdbc.warn              : HHH000247: ErrorCode: 0, SQLState: 00000
2026-02-18T02:13:36.926+03:00  WARN 18636 --- [flower] [           main] org.hibernate.orm.jdbc.warn              : constraint "ukfmrqlsu8hgt4xyp3ewt66h287" of relation "blog_posts" does not exist, skipping
2026-02-18T02:13:36.927+03:00 DEBUG 18636 --- [flower] [           main] org.hibernate.SQL                        : 
    alter table if exists blog_posts 
       add constraint UKfmrqlsu8hgt4xyp3ewt66h287 unique (slug)
Hibernate: 
    alter table if exists blog_posts 
       add constraint UKfmrqlsu8hgt4xyp3ewt66h287 unique (slug)
2026-02-18T02:13:36.929+03:00 DEBUG 18636 --- [flower] [           main] org.hibernate.SQL                        : 
    alter table if exists categories 
       drop constraint if exists UKoul14ho7bctbefv8jywp5v3i2
Hibernate: 
    alter table if exists categories 
       drop constraint if exists UKoul14ho7bctbefv8jywp5v3i2
2026-02-18T02:13:36.930+03:00  WARN 18636 --- [flower] [           main] org.hibernate.orm.jdbc.warn              : HHH000247: ErrorCode: 0, SQLState: 00000
2026-02-18T02:13:36.930+03:00  WARN 18636 --- [flower] [           main] org.hibernate.orm.jdbc.warn              : constraint "ukoul14ho7bctbefv8jywp5v3i2" of relation "categories" does not exist, skipping
2026-02-18T02:13:36.930+03:00 DEBUG 18636 --- [flower] [           main] org.hibernate.SQL                        : 
    alter table if exists categories 
       add constraint UKoul14ho7bctbefv8jywp5v3i2 unique (slug)
Hibernate: 
    alter table if exists categories 
       add constraint UKoul14ho7bctbefv8jywp5v3i2 unique (slug)
2026-02-18T02:13:36.932+03:00 DEBUG 18636 --- [flower] [           main] org.hibernate.SQL                        : 
    alter table if exists favorites 
       drop constraint if exists UKgh1s14hhb9qb8p2do933hscsf
Hibernate: 
    alter table if exists favorites 
       drop constraint if exists UKgh1s14hhb9qb8p2do933hscsf
2026-02-18T02:13:36.933+03:00  WARN 18636 --- [flower] [           main] org.hibernate.orm.jdbc.warn              : HHH000247: ErrorCode: 0, SQLState: 00000
2026-02-18T02:13:36.933+03:00  WARN 18636 --- [flower] [           main] org.hibernate.orm.jdbc.warn              : constraint "ukgh1s14hhb9qb8p2do933hscsf" of relation "favorites" does not exist, skipping
2026-02-18T02:13:36.933+03:00 DEBUG 18636 --- [flower] [           main] org.hibernate.SQL                        : 
    alter table if exists favorites 
       add constraint UKgh1s14hhb9qb8p2do933hscsf unique (user_id, product_id)
Hibernate: 
    alter table if exists favorites 
       add constraint UKgh1s14hhb9qb8p2do933hscsf unique (user_id, product_id)
2026-02-18T02:13:36.934+03:00 DEBUG 18636 --- [flower] [           main] org.hibernate.SQL                        : 
    alter table if exists orders 
       drop constraint if exists UKnthkiu7pgmnqnu86i2jyoe2v7
Hibernate: 
    alter table if exists orders 
       drop constraint if exists UKnthkiu7pgmnqnu86i2jyoe2v7
2026-02-18T02:13:36.935+03:00  WARN 18636 --- [flower] [           main] org.hibernate.orm.jdbc.warn              : HHH000247: ErrorCode: 0, SQLState: 00000
2026-02-18T02:13:36.935+03:00  WARN 18636 --- [flower] [           main] org.hibernate.orm.jdbc.warn              : constraint "uknthkiu7pgmnqnu86i2jyoe2v7" of relation "orders" does not exist, skipping
2026-02-18T02:13:36.935+03:00 DEBUG 18636 --- [flower] [           main] org.hibernate.SQL                        : 
    alter table if exists orders 
       add constraint UKnthkiu7pgmnqnu86i2jyoe2v7 unique (order_number)
Hibernate: 
    alter table if exists orders 
       add constraint UKnthkiu7pgmnqnu86i2jyoe2v7 unique (order_number)
2026-02-18T02:13:36.937+03:00 DEBUG 18636 --- [flower] [           main] org.hibernate.SQL                        : 
    alter table if exists products 
       drop constraint if exists UKostq1ec3toafnjok09y9l7dox
Hibernate: 
    alter table if exists products 
       drop constraint if exists UKostq1ec3toafnjok09y9l7dox
2026-02-18T02:13:36.938+03:00  WARN 18636 --- [flower] [           main] org.hibernate.orm.jdbc.warn              : HHH000247: ErrorCode: 0, SQLState: 00000
2026-02-18T02:13:36.938+03:00  WARN 18636 --- [flower] [           main] org.hibernate.orm.jdbc.warn              : constraint "ukostq1ec3toafnjok09y9l7dox" of relation "products" does not exist, skipping
2026-02-18T02:13:36.938+03:00 DEBUG 18636 --- [flower] [           main] org.hibernate.SQL                        : 
    alter table if exists products 
       add constraint UKostq1ec3toafnjok09y9l7dox unique (slug)
Hibernate: 
    alter table if exists products 
       add constraint UKostq1ec3toafnjok09y9l7dox unique (slug)
2026-02-18T02:13:36.940+03:00 DEBUG 18636 --- [flower] [           main] org.hibernate.SQL                        : 
    alter table if exists roles 
       drop constraint if exists UKofx66keruapi6vyqpv6f2or37
Hibernate: 
    alter table if exists roles 
       drop constraint if exists UKofx66keruapi6vyqpv6f2or37
2026-02-18T02:13:36.942+03:00  WARN 18636 --- [flower] [           main] org.hibernate.orm.jdbc.warn              : HHH000247: ErrorCode: 0, SQLState: 00000
2026-02-18T02:13:36.942+03:00  WARN 18636 --- [flower] [           main] org.hibernate.orm.jdbc.warn              : constraint "ukofx66keruapi6vyqpv6f2or37" of relation "roles" does not exist, skipping
2026-02-18T02:13:36.942+03:00 DEBUG 18636 --- [flower] [           main] org.hibernate.SQL                        : 
    alter table if exists roles 
       add constraint UKofx66keruapi6vyqpv6f2or37 unique (name)
Hibernate: 
    alter table if exists roles 
       add constraint UKofx66keruapi6vyqpv6f2or37 unique (name)
2026-02-18T02:13:36.944+03:00 DEBUG 18636 --- [flower] [           main] org.hibernate.SQL                        : 
    alter table if exists users 
       drop constraint if exists UK6dotkott2kjsp8vw4d0m25fb7
Hibernate: 
    alter table if exists users 
       drop constraint if exists UK6dotkott2kjsp8vw4d0m25fb7
2026-02-18T02:13:36.944+03:00  WARN 18636 --- [flower] [           main] org.hibernate.orm.jdbc.warn              : HHH000247: ErrorCode: 0, SQLState: 00000
2026-02-18T02:13:36.944+03:00  WARN 18636 --- [flower] [           main] org.hibernate.orm.jdbc.warn              : constraint "uk6dotkott2kjsp8vw4d0m25fb7" of relation "users" does not exist, skipping
2026-02-18T02:13:36.944+03:00 DEBUG 18636 --- [flower] [           main] org.hibernate.SQL                        : 
    alter table if exists users 
       add constraint UK6dotkott2kjsp8vw4d0m25fb7 unique (email)
Hibernate: 
    alter table if exists users 
       add constraint UK6dotkott2kjsp8vw4d0m25fb7 unique (email)
2026-02-18T02:13:36.947+03:00 DEBUG 18636 --- [flower] [           main] org.hibernate.SQL                        : 
    alter table if exists favorites 
       add constraint FK6sgu5npe8ug4o42bf9j71x20c 
       foreign key (product_id) 
       references products
Hibernate: 
    alter table if exists favorites 
       add constraint FK6sgu5npe8ug4o42bf9j71x20c 
       foreign key (product_id) 
       references products
2026-02-18T02:13:36.956+03:00 DEBUG 18636 --- [flower] [           main] org.hibernate.SQL                        : 
    alter table if exists favorites 
       add constraint FKk7du8b8ewipawnnpg76d55fus 
       foreign key (user_id) 
       references users
Hibernate: 
    alter table if exists favorites 
       add constraint FKk7du8b8ewipawnnpg76d55fus 
       foreign key (user_id) 
       references users
2026-02-18T02:13:36.959+03:00 DEBUG 18636 --- [flower] [           main] org.hibernate.SQL                        : 
    alter table if exists order_items 
       add constraint FKbioxgbv59vetrxe0ejfubep1w 
       foreign key (order_id) 
       references orders
Hibernate: 
    alter table if exists order_items 
       add constraint FKbioxgbv59vetrxe0ejfubep1w 
       foreign key (order_id) 
       references orders
2026-02-18T02:13:36.961+03:00 DEBUG 18636 --- [flower] [           main] org.hibernate.SQL                        : 
    alter table if exists order_items 
       add constraint FKocimc7dtr037rh4ls4l95nlfi 
       foreign key (product_id) 
       references products
Hibernate: 
    alter table if exists order_items 
       add constraint FKocimc7dtr037rh4ls4l95nlfi 
       foreign key (product_id) 
       references products
2026-02-18T02:13:36.963+03:00 DEBUG 18636 --- [flower] [           main] org.hibernate.SQL                        : 
    alter table if exists orders 
       add constraint FK32ql8ubntj5uh44ph9659tiih 
       foreign key (user_id) 
       references users
Hibernate: 
    alter table if exists orders 
       add constraint FK32ql8ubntj5uh44ph9659tiih 
       foreign key (user_id) 
       references users
2026-02-18T02:13:36.964+03:00 DEBUG 18636 --- [flower] [           main] org.hibernate.SQL                        : 
    alter table if exists product_images 
       add constraint FKqnq71xsohugpqwf3c9gxmsuy 
       foreign key (product_id) 
       references products
Hibernate: 
    alter table if exists product_images 
       add constraint FKqnq71xsohugpqwf3c9gxmsuy 
       foreign key (product_id) 
       references products
2026-02-18T02:13:36.965+03:00 DEBUG 18636 --- [flower] [           main] org.hibernate.SQL                        : 
    alter table if exists products 
       add constraint FKog2rp4qthbtt2lfyhfo32lsw9 
       foreign key (category_id) 
       references categories
Hibernate: 
    alter table if exists products 
       add constraint FKog2rp4qthbtt2lfyhfo32lsw9 
       foreign key (category_id) 
       references categories
2026-02-18T02:13:36.967+03:00 DEBUG 18636 --- [flower] [           main] org.hibernate.SQL                        : 
    alter table if exists reviews 
       add constraint FKpl51cejpw4gy5swfar8br9ngi 
       foreign key (product_id) 
       references products
Hibernate: 
    alter table if exists reviews 
       add constraint FKpl51cejpw4gy5swfar8br9ngi 
       foreign key (product_id) 
       references products
2026-02-18T02:13:36.969+03:00 DEBUG 18636 --- [flower] [           main] org.hibernate.SQL                        : 
    alter table if exists reviews 
       add constraint FKcgy7qjc1r99dp117y9en6lxye 
       foreign key (user_id) 
       references users
Hibernate: 
    alter table if exists reviews 
       add constraint FKcgy7qjc1r99dp117y9en6lxye 
       foreign key (user_id) 
       references users
2026-02-18T02:13:36.970+03:00 DEBUG 18636 --- [flower] [           main] org.hibernate.SQL                        : 
    alter table if exists users 
       add constraint FKp56c1712k691lhsyewcssf40f 
       foreign key (role_id) 
       references roles
Hibernate: 
    alter table if exists users 
       add constraint FKp56c1712k691lhsyewcssf40f 
       foreign key (role_id) 
       references roles
2026-02-18T02:13:36.973+03:00  INFO 18636 --- [flower] [           main] j.LocalContainerEntityManagerFactoryBean : Initialized JPA EntityManagerFactory for persistence unit 'default'
2026-02-18T02:13:37.063+03:00  INFO 18636 --- [flower] [           main] o.s.d.j.r.query.QueryEnhancerFactories   : Hibernate is in classpath; If applicable, HQL parser will be used.
2026-02-18T02:13:37.281+03:00  INFO 18636 --- [flower] [           main] r$InitializeUserDetailsManagerConfigurer : Global AuthenticationManager configured with UserDetailsService bean with name userDetailsServiceImpl
2026-02-18T02:13:38.137+03:00  WARN 18636 --- [flower] [           main] JpaBaseConfiguration$JpaWebConfiguration : spring.jpa.open-in-view is enabled by default. Therefore, database queries may be performed during view rendering. Explicitly configure spring.jpa.open-in-view to disable this warning
2026-02-18T02:13:38.354+03:00 DEBUG 18636 --- [flower] [           main] o.s.s.web.DefaultSecurityFilterChain     : Will secure any request with filters: DisableEncodeUrlFilter, WebAsyncManagerIntegrationFilter, SecurityContextHolderFilter, HeaderWriterFilter, LogoutFilter, JwtAuthenticationFilter, RequestCacheAwareFilter, SecurityContextHolderAwareRequestFilter, AnonymousAuthenticationFilter, SessionManagementFilter, ExceptionTranslationFilter, AuthorizationFilter
2026-02-18T02:13:38.729+03:00  INFO 18636 --- [flower] [           main] c.e.flowwow.FlowerApplicationTests       : Started FlowerApplicationTests in 5.73 seconds (process running for 6.738)
]]></system-out>
    <system-err><![CDATA[Mockito is currently self-attaching to enable the inline-mock-maker. This will no longer work in future releases of the JDK. Please add Mockito as an agent to your build as described in Mockito's documentation: https://javadoc.io/doc/org.mockito/mockito-core/latest/org.mockito/org/mockito/Mockito.html#0.3
WARNING: A Java agent has been loaded dynamically (C:\Users\Vilet\.m2\repository\net\bytebuddy\byte-buddy-agent\1.17.8\byte-buddy-agent-1.17.8.jar)
WARNING: If a serviceability tool is in use, please run with -XX:+EnableDynamicAgentLoading to hide this warning
WARNING: If a serviceability tool is not in use, please run with -Djdk.instrument.traceUsage for more information
WARNING: Dynamic loading of agents will be disallowed by default in a future release
]]></system-err>
  </testcase>
</testsuite>